0 info it worked if it ends with ok
1 verbose cli [ 'C:\\Program Files\\nodejs\\\\node.exe',
1 verbose cli   'C:\\Program Files\\nodejs\\node_modules\\npm\\bin\\npm-cli.js',
1 verbose cli   'install',
1 verbose cli   'gulp-imagemin',
1 verbose cli   'gulp-ruby-sass',
1 verbose cli   'gulp-minify-css',
1 verbose cli   'gulp-jshint',
1 verbose cli   'gulp-uglify',
1 verbose cli   'gulp-rename',
1 verbose cli   'gulp-concat',
1 verbose cli   'gulp-clean',
1 verbose cli   'tiny-lr',
1 verbose cli   'gulp-cache',
1 verbose cli   'gulp-header',
1 verbose cli   'gulp-replace',
1 verbose cli   'gulp-notify',
1 verbose cli   'gulp-livereload',
1 verbose cli   '--save-dev' ]
2 info using npm@1.4.28
3 info using node@v0.10.33
4 verbose node symlink C:\Program Files\nodejs\\node.exe
5 error Error: Invalid version: "1.00"
5 error     at Object.module.exports.fixVersionField (C:\Program Files\nodejs\node_modules\npm\node_modules\read-package-json\node_modules\normalize-package-data\lib\fixer.js:183:13)
5 error     at C:\Program Files\nodejs\node_modules\npm\node_modules\read-package-json\node_modules\normalize-package-data\lib\normalize.js:30:38
5 error     at Array.forEach (native)
5 error     at normalize (C:\Program Files\nodejs\node_modules\npm\node_modules\read-package-json\node_modules\normalize-package-data\lib\normalize.js:29:15)
5 error     at final (C:\Program Files\nodejs\node_modules\npm\node_modules\read-package-json\read-json.js:342:33)
5 error     at then (C:\Program Files\nodejs\node_modules\npm\node_modules\read-package-json\read-json.js:126:33)
5 error     at C:\Program Files\nodejs\node_modules\npm\node_modules\read-package-json\read-json.js:316:48
5 error     at evalmachine.<anonymous>:207:20
5 error     at OpenReq.Req.done (C:\Program Files\nodejs\node_modules\npm\node_modules\graceful-fs\graceful-fs.js:141:5)
5 error     at OpenReq.done (C:\Program Files\nodejs\node_modules\npm\node_modules\graceful-fs\graceful-fs.js:61:22)
6 error If you need help, you may report this *entire* log,
6 error including the npm and node versions, at:
6 error     <http://github.com/npm/npm/issues>
7 error System Windows_NT 6.1.7601
8 error command "C:\\Program Files\\nodejs\\\\node.exe" "C:\\Program Files\\nodejs\\node_modules\\npm\\bin\\npm-cli.js" "install" "gulp-imagemin" "gulp-ruby-sass" "gulp-minify-css" "gulp-jshint" "gulp-uglify" "gulp-rename" "gulp-concat" "gulp-clean" "tiny-lr" "gulp-cache" "gulp-header" "gulp-replace" "gulp-notify" "gulp-livereload" "--save-dev"
9 error cwd E:\autostreets\img.autostreetscdn.com\trunk\m
10 error node -v v0.10.33
11 error npm -v 1.4.28
12 verbose exit [ 1, true ]
